[ Mon, 23 Oct 2017 09:32:40 STD ] GET localhost:8000 /d.htm 200
[ Mon, 23 Oct 2017 09:36:59 STD ] GET localhost:8000 / 200
[ Mon, 23 Oct 2017 09:36:59 STD ] GET localhost:8000 / 200
[ Mon, 23 Oct 2017 09:37:03 STD ] GET localhost:8000 /test 200
[ Mon, 23 Oct 2017 09:37:03 STD ] GET localhost:8000 /test 200
[ Mon, 23 Oct 2017 09:37:05 STD ] GET localhost:8000 /test/ 200
[ Mon, 23 Oct 2017 09:37:05 STD ] GET localhost:8000 /test/ 200
[ Mon, 23 Oct 2017 09:37:08 STD ] GET localhost:8000 / 200
[ Mon, 23 Oct 2017 09:37:08 STD ] GET localhost:8000 / 200
[ Mon, 23 Oct 2017 09:37:09 STD ] GET localhost:8000 /d.htm 200
[ Mon, 23 Oct 2017 09:37:12 STD ] GET localhost:8000 /myhttp 200
[ Mon, 23 Oct 2017 09:37:15 STD ] GET localhost:8000 /myhttp.c 200
[ Mon, 23 Oct 2017 09:37:18 STD ] GET localhost:8000 /httpd.log 200
[ Mon, 23 Oct 2017 09:37:42 STD ] GET localhost:8000 /test 200
[ Mon, 23 Oct 2017 09:37:42 STD ] GET localhost:8000 /test 200
[ Mon, 23 Oct 2017 09:37:45 STD ] GET localhost:8000 /test/h 200
[ Mon, 23 Oct 2017 09:37:50 STD ] GET localhost:8000 /httpd.log 200
[ Mon, 23 Oct 2017 10:37:35 STD ] PUT localhost:8000 /h.log 405
[ Mon, 23 Oct 2017 10:37:39 STD ] TRACE localhost:8000 /h.log 200
[ Mon, 23 Oct 2017 10:39:22 STD ] TRACE localhost:8000 /h.log 200
[ Mon, 23 Oct 2017 10:39:24 STD ] PUT localhost:8000 /h.log 405
[ Mon, 23 Oct 2017 10:39:37 STD ] PUT localhost:8000 /h.log 405
[ Mon, 23 Oct 2017 10:46:05 STD ] HEAD localhost:8000 /h.log 200
[ Mon, 23 Oct 2017 10:54:18 STD ] HEAD localhost:8000 /h.log 200
[ Mon, 23 Oct 2017 10:54:49 STD ] HEAD localhost:8000 /h.log 200
[ Mon, 23 Oct 2017 10:54:53 STD ] HEAD localhost:8000 /h.logk 404
[ Mon, 23 Oct 2017 10:55:13 STD ] HEAD localhost:8000 / 200
[ Mon, 23 Oct 2017 10:55:28 STD ] TRACE localhost:8000 /h.log 200
[ Mon, 23 Oct 2017 10:55:39 STD ] GET localhost:8000 /h.log 200
[ Mon, 23 Oct 2017 10:55:44 STD ] GET localhost:8000 /h.logk 404
[ Wed, 25 Oct 2017 13:50:47 STD ] GET localhost:8000 / 200
[ Wed, 25 Oct 2017 13:50:47 STD ] GET localhost:8000 / 200
[ Wed, 25 Oct 2017 13:50:52 STD ] GET localhost:8000 / 200
[ Wed, 25 Oct 2017 13:50:52 STD ] GET localhost:8000 / 200
[ Wed, 25 Oct 2017 13:57:31 STD ] GET localhost:8000 / 200
[ Wed, 25 Oct 2017 13:57:31 STD ] GET localhost:8000 / 200
[ Wed, 25 Oct 2017 15:36:26 STD ] GET localhost:8000 / 200
[ Wed, 25 Oct 2017 15:36:26 STD ] GET localhost:8000 / 200
[ Wed, 25 Oct 2017 15:37:25 STD ] GET localhost:8000 / 200
[ Wed, 25 Oct 2017 15:37:25 STD ] GET localhost:8000 / 200
[ Wed, 25 Oct 2017 22:41:58 STD ] GET localhost:8000 / 200
[ Wed, 25 Oct 2017 22:41:58 STD ] GET localhost:8000 / 200
[ Wed, 25 Oct 2017 22:44:37 STD ] GET localhost:8000 / 200
[ Wed, 25 Oct 2017 22:44:37 STD ] GET localhost:8000 / 200
[ Fri, 27 Oct 2017 08:12:05 STD ] GET localhost:8000 /test/ 200
[ Fri, 27 Oct 2017 08:12:05 STD ] GET localhost:8000 /test/ 200
[ Fri, 27 Oct 2017 08:12:06 STD ] GET localhost:8000 /favicon.ico 404
[ Fri, 27 Oct 2017 08:12:57 STD ] GET localhost:8000 /test/ 200
[ Fri, 27 Oct 2017 08:12:57 STD ] GET localhost:8000 /test/ 200
[ Fri, 27 Oct 2017 08:13:18 STD ] GET localhost:8000 /test/ 200
[ Fri, 27 Oct 2017 08:13:18 STD ] GET localhost:8000 /test/ 200
[ Fri, 27 Oct 2017 08:34:23 STD ] GET localhost:8000 /test/ 200
[ Fri, 27 Oct 2017 08:34:23 STD ] GET localhost:8000 /test/ 200
[ Fri, 27 Oct 2017 08:34:26 STD ] GET localhost:8000 / 200
[ Fri, 27 Oct 2017 08:34:26 STD ] GET localhost:8000 / 200
[ Fri, 27 Oct 2017 08:34:29 STD ] GET localhost:8000 /test 200
[ Fri, 27 Oct 2017 08:34:29 STD ] GET localhost:8000 /test 200
[ Fri, 27 Oct 2017 08:34:31 STD ] GET localhost:8000 /test/ 200
[ Fri, 27 Oct 2017 08:34:31 STD ] GET localhost:8000 /test/ 200
[ Fri, 27 Oct 2017 08:34:31 STD ] GET localhost:8000 / 200
[ Fri, 27 Oct 2017 08:34:31 STD ] GET localhost:8000 / 200
[ Fri, 27 Oct 2017 08:34:33 STD ] GET localhost:8000 /mime.types 200
[ Fri, 27 Oct 2017 08:34:38 STD ] GET localhost:8000 /myhttp 200
[ Fri, 27 Oct 2017 08:34:41 STD ] GET localhost:8000 /myhttp.c 200
[ Fri, 27 Oct 2017 08:47:51 STD ] GET localhost:8000 /myhttp.c 200
[ Fri, 27 Oct 2017 08:47:56 STD ] GET localhost:8000 /.git 200
[ Fri, 27 Oct 2017 08:47:56 STD ] GET localhost:8000 /.git 200
[ Fri, 27 Oct 2017 08:47:58 STD ] GET localhost:8000 / 200
[ Fri, 27 Oct 2017 08:47:58 STD ] GET localhost:8000 / 200
[ Fri, 27 Oct 2017 08:48:02 STD ] GET localhost:8000 / 200
[ Fri, 27 Oct 2017 08:48:02 STD ] GET localhost:8000 / 200
[ Fri, 27 Oct 2017 08:48:03 STD ] GET localhost:8000 /.git 200
[ Fri, 27 Oct 2017 08:48:03 STD ] GET localhost:8000 /.git 200
[ Fri, 27 Oct 2017 08:48:06 STD ] GET localhost:8000 /.git/config 200
[ Fri, 27 Oct 2017 08:48:08 STD ] GET localhost:8000 /.git/refs 200
[ Fri, 27 Oct 2017 08:48:08 STD ] GET localhost:8000 /.git/refs 200
[ Fri, 27 Oct 2017 08:52:08 STD ] GET localhost:8000 / 200
[ Fri, 27 Oct 2017 08:52:08 STD ] GET localhost:8000 / 200
[ Fri, 27 Oct 2017 08:52:11 STD ] GET localhost:8000 /server.log 200
[ Fri, 27 Oct 2017 10:44:32 STD ] GET localhost:8000 /d.htm 200
[ Fri, 27 Oct 2017 10:44:34 STD ] GET localhost:8000 / 200
[ Fri, 27 Oct 2017 10:44:34 STD ] GET localhost:8000 / 200
[ Fri, 27 Oct 2017 10:44:35 STD ] GET localhost:8000 /h.log 200
[ Fri, 27 Oct 2017 10:44:54 STD ] GET localhost:8000 /d.htm 200
[ Fri, 27 Oct 2017 10:45:56 STD ] GET localhost:8000 /d.htm 200
[ Fri, 27 Oct 2017 10:46:42 STD ] GET localhost:8000 /d.htm 200
[ Fri, 27 Oct 2017 10:46:47 STD ] GET localhost:8000 /d.htm 200
[ Fri, 27 Oct 2017 10:48:00 STD ] GET localhost:8000 /d.htm 200
[ Fri, 27 Oct 2017 10:48:51 STD ] GET localhost:8000 /d.htm 200
[ Fri, 27 Oct 2017 10:49:19 STD ] GET localhost:8000 /d 404
[ Fri, 27 Oct 2017 10:50:15 STD ] GET localhost:8000 /d.htm 200
[ Fri, 27 Oct 2017 10:50:20 STD ] GET localhost:8000 /d.htm 200
[ Fri, 27 Oct 2017 10:56:08 STD ] GET localhost:8000 /d.htm 200
[ Fri, 27 Oct 2017 10:56:13 STD ] GET localhost:8000 / 200
[ Fri, 27 Oct 2017 10:56:13 STD ] GET localhost:8000 / 200
[ Fri, 27 Oct 2017 10:56:15 STD ] GET localhost:8000 /wordcloud.png 200
[ Fri, 27 Oct 2017 10:56:56 STD ] GET localhost:8000 / 200
[ Fri, 27 Oct 2017 10:56:56 STD ] GET localhost:8000 / 200
[ Fri, 27 Oct 2017 10:56:58 STD ] GET localhost:8000 /test.pdf 200
[ Fri, 27 Oct 2017 10:57:10 STD ] GET localhost:8000 /test.pdf 200
[ Fri, 27 Oct 2017 11:01:10 STD ] GET localhost:8000 /test.pdf 200
[ Fri, 27 Oct 2017 11:01:15 STD ] GET localhost:8000 / 200
[ Fri, 27 Oct 2017 11:01:15 STD ] GET localhost:8000 / 200
[ Fri, 27 Oct 2017 11:01:36 STD ] GET localhost:8000 / 200
[ Fri, 27 Oct 2017 11:01:37 STD ] GET localhost:8000 / 200
[ Fri, 27 Oct 2017 11:03:26 STD ] GET NULL  400
[ Fri, 27 Oct 2017 11:03:42 STD ] GET localhost:8000 / 200
[ Fri, 27 Oct 2017 11:03:42 STD ] GET localhost:8000 / 200
[ Fri, 27 Oct 2017 11:04:16 STD ] GET localhost:8000 /test.pdf 200
[ Fri, 27 Oct 2017 11:20:17 STD ] GET localhost:8000 / 200
[ Fri, 27 Oct 2017 11:20:17 STD ] GET localhost:8000 / 200
[ Fri, 27 Oct 2017 11:20:29 STD ] GET localhost:8000 / 200
[ Fri, 27 Oct 2017 11:20:29 STD ] GET localhost:8000 / 200
[ Fri, 27 Oct 2017 11:20:31 STD ] GET localhost:8000 /wordcloud.png 415
[ Fri, 27 Oct 2017 11:20:34 STD ] GET localhost:8000 /test.pdf 415
[ Fri, 27 Oct 2017 12:37:10 STD ] GET localhost:8000 / 200
[ Fri, 27 Oct 2017 12:37:10 STD ] GET localhost:8000 / 200
[ Fri, 27 Oct 2017 12:37:25 STD ] GET localhost:8000 / 200
[ Fri, 27 Oct 2017 12:37:25 STD ] GET localhost:8000 / 200
[ Fri, 27 Oct 2017 12:37:35 STD ] GET localhost:8000 / 200
[ Fri, 27 Oct 2017 12:37:35 STD ] GET localhost:8000 / 200
[ Fri, 27 Oct 2017 12:37:44 STD ] GET localhost:8000 / 200
[ Fri, 27 Oct 2017 12:37:44 STD ] GET localhost:8000 / 200
[ Fri, 27 Oct 2017 12:56:18 STD ] TRACE localhost:8000 / 200
[ Fri, 27 Oct 2017 12:56:24 STD ] HEAD localhost:8000 / 200
[ Fri, 27 Oct 2017 12:56:32 STD ] HEAD localhost:8000 / 200
[ Fri, 27 Oct 2017 12:56:45 STD ] GET localhost:8000 / 200
[ Fri, 27 Oct 2017 12:56:45 STD ] GET localhost:8000 / 200
[ Fri, 27 Oct 2017 12:56:53 STD ] HEAD localhost:8000 / 200
[ Fri, 27 Oct 2017 12:56:59 STD ] GET localhost:8000 / 200
[ Fri, 27 Oct 2017 12:56:59 STD ] GET localhost:8000 / 200
[ Fri, 27 Oct 2017 12:59:21 STD ] GET localhost:8000 / 200
[ Fri, 27 Oct 2017 12:59:21 STD ] GET localhost:8000 / 200
[ Fri, 27 Oct 2017 12:59:52 STD ] GET localhost:8000 / 200
[ Fri, 27 Oct 2017 12:59:52 STD ] GET localhost:8000 / 200
[ Fri, 27 Oct 2017 13:01:38 STD ] GET localhost:8000 / 200
[ Fri, 27 Oct 2017 13:01:38 STD ] GET localhost:8000 / 200
[ Fri, 27 Oct 2017 13:02:39 STD ] GET localhost:8000 / 200
[ Fri, 27 Oct 2017 13:02:39 STD ] GET localhost:8000 / 200
[ Fri, 27 Oct 2017 13:03:38 STD ] GET localhost:8000 / 200
[ Fri, 27 Oct 2017 13:03:38 STD ] GET localhost:8000 / 200
[ Fri, 27 Oct 2017 13:03:42 STD ] GET localhost:8000 / 200
[ Fri, 27 Oct 2017 13:03:42 STD ] GET localhost:8000 / 200
[ Fri, 27 Oct 2017 13:04:11 STD ] GET localhost:8000 / 200
[ Fri, 27 Oct 2017 13:04:11 STD ] GET localhost:8000 / 200
[ Fri, 27 Oct 2017 13:04:39 STD ] GET localhost:8000 / 200
[ Fri, 27 Oct 2017 13:04:39 STD ] GET localhost:8000 / 200
[ Fri, 27 Oct 2017 13:08:33 STD ] GET localhost:8000 / 200
[ Fri, 27 Oct 2017 13:08:33 STD ] GET localhost:8000 / 200
[ Fri, 27 Oct 2017 13:08:52 STD ] GET localhost:8000 / 200
[ Fri, 27 Oct 2017 13:08:52 STD ] GET localhost:8000 / 200
[ Fri, 27 Oct 2017 13:12:06 STD ] HEAD localhost:8000 / 200
[ Fri, 27 Oct 2017 13:12:11 STD ] TRACE localhost:8000 / 200
[ Fri, 27 Oct 2017 13:12:17 STD ] TRACE localhost:8000 / 200
[ Fri, 27 Oct 2017 13:13:47 STD ] TRACE localhost:8000 / 200
[ Fri, 27 Oct 2017 13:13:55 STD ] TRACE localhost:8000 / 200
[ Fri, 27 Oct 2017 13:13:59 STD ] TRACE localhost:8000 / 200
[ Fri, 27 Oct 2017 13:17:48 STD ] TRACE localhost:8000 / 200
[ Fri, 27 Oct 2017 13:17:59 STD ] GET localhost:8000 / 200
[ Fri, 27 Oct 2017 13:17:59 STD ] GET localhost:8000 / 200
[ Fri, 27 Oct 2017 13:18:09 STD ] HEAD localhost:8000 / 200
[ Fri, 27 Oct 2017 13:18:13 STD ] HEAD localhost:8000 / 200
[ Fri, 27 Oct 2017 13:18:20 STD ] TRACE localhost:8000 / 200
[ Fri, 27 Oct 2017 13:18:22 STD ] TRACE localhost:8000 / 200
[ Fri, 27 Oct 2017 13:22:16 STD ] HEAD localhost:8000 / 200
[ Fri, 27 Oct 2017 13:22:18 STD ] HEAD localhost:8000 / 200
[ Fri, 27 Oct 2017 13:22:46 STD ] HEAD localhost:8000 / 200
[ Fri, 27 Oct 2017 13:23:17 STD ] TRACE localhost:8000 / 200
[ Fri, 27 Oct 2017 13:23:21 STD ] TRACE localhost:8000 / 200
[ Fri, 27 Oct 2017 13:23:24 STD ] TRACE localhost:8000 / 200
[ Fri, 27 Oct 2017 13:23:30 STD ] TRACE localhost:8000 / 200
[ Fri, 27 Oct 2017 13:23:39 STD ] TRACE localhost:8000 / 200
[ Fri, 27 Oct 2017 13:25:04 STD ] TRACE localhost:8000 / 200
[ Fri, 27 Oct 2017 13:25:07 STD ] TRACE localhost:8000 / 200
[ Fri, 27 Oct 2017 13:25:11 STD ] TRACE localhost:8000 / 200
[ Fri, 27 Oct 2017 13:25:13 STD ] TRACE localhost:8000 / 200
